2025-12-02 09:09:49 [[32minfo[39m]: ═══════════════════════════════════════════
2025-12-02 09:09:49 [[32minfo[39m]: 🔮 BetOnBase Oracle Service v1.0.0
2025-12-02 09:09:49 [[32minfo[39m]: ═══════════════════════════════════════════

2025-12-02 09:09:49 [[32minfo[39m]: 🔗 Initializing blockchain connection...
2025-12-02 09:09:49 [[32minfo[39m]: Blockchain service initialized
2025-12-02 09:09:49 [[32minfo[39m]: Oracle wallet: 0x62D4C02280d5C8624CE998fC028ee14286b98541
2025-12-02 09:09:49 [[32minfo[39m]: BetOnBase contract: 0xF75dD9a3101040B99FA61708CF1A8038Cce048b5
2025-12-02 09:09:49 [[32minfo[39m]: 🔐 Verifying oracle authorization...
2025-12-02 09:09:50 [[32minfo[39m]: ✅ Oracle verification successful
2025-12-02 09:09:50 [[32minfo[39m]: 💰 Oracle wallet balance: 0.059991149089895163 ETH
2025-12-02 09:09:50 [[32minfo[39m]: Blockchain service initialized
2025-12-02 09:09:50 [[32minfo[39m]: Oracle wallet: 0x62D4C02280d5C8624CE998fC028ee14286b98541
2025-12-02 09:09:50 [[32minfo[39m]: BetOnBase contract: 0xF75dD9a3101040B99FA61708CF1A8038Cce048b5
2025-12-02 09:09:50 [[32minfo[39m]: Initializing new database
2025-12-02 09:09:50 [[32minfo[39m]: Blockchain service initialized
2025-12-02 09:09:50 [[32minfo[39m]: Oracle wallet: 0x62D4C02280d5C8624CE998fC028ee14286b98541
2025-12-02 09:09:50 [[32minfo[39m]: BetOnBase contract: 0xF75dD9a3101040B99FA61708CF1A8038Cce048b5
2025-12-02 09:09:50 [[32minfo[39m]: Initializing new database
2025-12-02 09:09:50 [[32minfo[39m]: Initializing new database
2025-12-02 09:09:50 [[32minfo[39m]: 
🔄 Running all jobs once...

2025-12-02 09:09:50 [[32minfo[39m]: 
🔄 Running all jobs immediately...

2025-12-02 09:09:50 [[32minfo[39m]: 🔄 Starting match scheduling process...
2025-12-02 09:09:50 [[32minfo[39m]: 
📊 Processing Premier League (ID: 39)
2025-12-02 09:09:50 [[32minfo[39m]: Fetching fixtures for league 39 from 2025-12-02 to 2025-12-06
2025-12-02 09:09:53 [[32minfo[39m]: Found 17 upcoming fixtures for league 39
2025-12-02 09:09:53 [[32minfo[39m]: ➕ Adding match: Bournemouth vs Everton (2025-12-02T19:30:00.000Z)
2025-12-02 09:09:53 [[32minfo[39m]: Adding match 1379100 with kickoff 2025-12-02T19:30:00.000Z
2025-12-02 09:09:55 [[32minfo[39m]: Transaction sent: 0x12870a535c15baef56a1a60b7f96e2e29ce16d83cdacf66599214eb85a8eeb1c
2025-12-02 09:10:00 [[32minfo[39m]: ✅ Match 1379100 added successfully. Gas used: 72628
2025-12-02 09:10:01 [[32minfo[39m]: ✅ Successfully added match 1379100
2025-12-02 09:10:01 [[32minfo[39m]: ➕ Adding match: Fulham vs Manchester City (2025-12-02T19:30:00.000Z)
2025-12-02 09:10:01 [[32minfo[39m]: Adding match 1379103 with kickoff 2025-12-02T19:30:00.000Z
2025-12-02 09:10:03 [[32minfo[39m]: Transaction sent: 0xf0d7b2b07d748d9678989fd2e0514dea0c247bb41f4bab756c9e5033b2fd9883
2025-12-02 09:10:04 [[32minfo[39m]: ✅ Match 1379103 added successfully. Gas used: 72628
2025-12-02 09:10:04 [[32minfo[39m]: ✅ Successfully added match 1379103
2025-12-02 09:10:04 [[32minfo[39m]: ➕ Adding match: Newcastle vs Tottenham (2025-12-02T20:15:00.000Z)
2025-12-02 09:10:04 [[32minfo[39m]: Adding match 1379107 with kickoff 2025-12-02T20:15:00.000Z
2025-12-02 09:10:06 [[32minfo[39m]: Transaction sent: 0x20b1af520eb937ea2f444ba7788b4fae75b93ab0d8ba5718e59413dcbe4dea98
2025-12-02 09:10:07 [[32minfo[39m]: ✅ Match 1379107 added successfully. Gas used: 72628
2025-12-02 09:10:07 [[32minfo[39m]: ✅ Successfully added match 1379107
2025-12-02 09:10:07 [[32minfo[39m]: ➕ Adding match: Wolves vs Nottingham Forest (2025-12-03T19:30:00.000Z)
2025-12-02 09:10:07 [[32minfo[39m]: Adding match 1379108 with kickoff 2025-12-03T19:30:00.000Z
2025-12-02 09:10:10 [[32minfo[39m]: Transaction sent: 0x63c30a2d02168f7d8d6aae3f385d314e5d5443e23c152a240d24ee0f0938aced
2025-12-02 09:10:10 [[32minfo[39m]: ✅ Match 1379108 added successfully. Gas used: 72628
2025-12-02 09:10:10 [[32minfo[39m]: ✅ Successfully added match 1379108
2025-12-02 09:10:10 [[32minfo[39m]: ➕ Adding match: Arsenal vs Brentford (2025-12-03T19:30:00.000Z)
2025-12-02 09:10:10 [[32minfo[39m]: Adding match 1379099 with kickoff 2025-12-03T19:30:00.000Z
2025-12-02 09:10:13 [[32minfo[39m]: Transaction sent: 0x76c0dba6bd57075e7e8e1022484316fe08a47bbf23154b3b8fca91e427e66c80
2025-12-02 09:10:13 [[32minfo[39m]: ✅ Match 1379099 added successfully. Gas used: 72628
2025-12-02 09:10:13 [[32minfo[39m]: ✅ Successfully added match 1379099
2025-12-02 09:10:13 [[32minfo[39m]: ➕ Adding match: Burnley vs Crystal Palace (2025-12-03T19:30:00.000Z)
2025-12-02 09:10:13 [[32minfo[39m]: Adding match 1379102 with kickoff 2025-12-03T19:30:00.000Z
2025-12-02 09:10:15 [[32minfo[39m]: Transaction sent: 0xd0db2c5e568d97f5112492c3ea330689ba99b091b58ef163e6d58ed1249b2efa
2025-12-02 09:10:16 [[32minfo[39m]: ✅ Match 1379102 added successfully. Gas used: 72628
2025-12-02 09:10:16 [[32minfo[39m]: ✅ Successfully added match 1379102
2025-12-02 09:10:16 [[32minfo[39m]: ➕ Adding match: Brighton vs Aston Villa (2025-12-03T19:30:00.000Z)
2025-12-02 09:10:16 [[32minfo[39m]: Adding match 1379101 with kickoff 2025-12-03T19:30:00.000Z
2025-12-02 09:10:18 [[32minfo[39m]: Transaction sent: 0xe42e93d462097382e680a896288eec5c19653f973ed7e23554de12619513db52
2025-12-02 09:10:19 [[32minfo[39m]: ✅ Match 1379101 added successfully. Gas used: 72628
2025-12-02 09:10:19 [[32minfo[39m]: ✅ Successfully added match 1379101
2025-12-02 09:10:19 [[32minfo[39m]: ➕ Adding match: Liverpool vs Sunderland (2025-12-03T20:15:00.000Z)
2025-12-02 09:10:19 [[32minfo[39m]: Adding match 1379105 with kickoff 2025-12-03T20:15:00.000Z
2025-12-02 09:10:21 [[32minfo[39m]: Transaction sent: 0x5c699f3b19c40d480df296a9fd46ea5b42c95873e9a204347d44be6752bf9d28
2025-12-02 09:10:21 [[32minfo[39m]: ✅ Match 1379105 added successfully. Gas used: 72628
2025-12-02 09:10:21 [[32minfo[39m]: ✅ Successfully added match 1379105
2025-12-02 09:10:22 [[32minfo[39m]: ➕ Adding match: Leeds vs Chelsea (2025-12-03T20:15:00.000Z)
2025-12-02 09:10:22 [[32minfo[39m]: Adding match 1379104 with kickoff 2025-12-03T20:15:00.000Z
2025-12-02 09:10:24 [[32minfo[39m]: Transaction sent: 0x5b15a68390bc36c77ba29fb4773c8d28e15dddcd84adab7996227c8f3739a4d0
2025-12-02 09:10:24 [[32minfo[39m]: ✅ Match 1379104 added successfully. Gas used: 72628
2025-12-02 09:10:24 [[32minfo[39m]: ✅ Successfully added match 1379104
2025-12-02 09:10:25 [[32minfo[39m]: ➕ Adding match: Manchester United vs West Ham (2025-12-04T20:00:00.000Z)
2025-12-02 09:10:25 [[32minfo[39m]: Adding match 1379106 with kickoff 2025-12-04T20:00:00.000Z
2025-12-02 09:10:27 [[32minfo[39m]: Transaction sent: 0xe1ddc1809d38a8a3b6be2093099827b47624fc3a8753b18b9555ddfc551cb8b8
2025-12-02 09:10:27 [[32minfo[39m]: ✅ Match 1379106 added successfully. Gas used: 72628
2025-12-02 09:10:27 [[32minfo[39m]: ✅ Successfully added match 1379106
2025-12-02 09:10:28 [[32minfo[39m]: ➕ Adding match: Aston Villa vs Arsenal (2025-12-06T12:30:00.000Z)
2025-12-02 09:10:28 [[32minfo[39m]: Adding match 1379109 with kickoff 2025-12-06T12:30:00.000Z
2025-12-02 09:10:30 [[32minfo[39m]: Transaction sent: 0xb2d246c7d7e099466e0f2c1d82a1a4b3b13e162fc1143a88a8197d8acf6b530e
2025-12-02 09:10:30 [[32minfo[39m]: ✅ Match 1379109 added successfully. Gas used: 72628
2025-12-02 09:10:30 [[32minfo[39m]: ✅ Successfully added match 1379109
2025-12-02 09:10:31 [[32minfo[39m]: ➕ Adding match: Newcastle vs Burnley (2025-12-06T15:00:00.000Z)
2025-12-02 09:10:31 [[32minfo[39m]: Adding match 1379116 with kickoff 2025-12-06T15:00:00.000Z
2025-12-02 09:10:33 [[32minfo[39m]: Transaction sent: 0x4061a9d6b1a9ade1ca3ef27f1f1b6fd58236552b620aa59617ce418120f877e2
2025-12-02 09:10:33 [[32minfo[39m]: ✅ Match 1379116 added successfully. Gas used: 72628
2025-12-02 09:10:33 [[32minfo[39m]: ✅ Successfully added match 1379116
2025-12-02 09:10:33 [[32minfo[39m]: ➕ Adding match: Bournemouth vs Chelsea (2025-12-06T15:00:00.000Z)
2025-12-02 09:10:33 [[32minfo[39m]: Adding match 1379110 with kickoff 2025-12-06T15:00:00.000Z
2025-12-02 09:10:36 [[32minfo[39m]: Transaction sent: 0x31690b99a28ca8504dc79afeff50b63c6a71d76b286734519b6e7e1a802bbdf0
2025-12-02 09:10:36 [[32minfo[39m]: ✅ Match 1379110 added successfully. Gas used: 72628
2025-12-02 09:10:36 [[32minfo[39m]: ✅ Successfully added match 1379110
2025-12-02 09:10:36 [[32minfo[39m]: ➕ Adding match: Everton vs Nottingham Forest (2025-12-06T15:00:00.000Z)
2025-12-02 09:10:36 [[32minfo[39m]: Adding match 1379112 with kickoff 2025-12-06T15:00:00.000Z
2025-12-02 09:10:39 [[32minfo[39m]: Transaction sent: 0x62b0bd78c8dcb70577ab4597913aeb066292bb771ac62ae52969e3d8f2a4bb74
2025-12-02 09:10:39 [[32minfo[39m]: ✅ Match 1379112 added successfully. Gas used: 72628
2025-12-02 09:10:39 [[32minfo[39m]: ✅ Successfully added match 1379112
2025-12-02 09:10:39 [[32minfo[39m]: ➕ Adding match: Tottenham vs Brentford (2025-12-06T15:00:00.000Z)
2025-12-02 09:10:39 [[32minfo[39m]: Adding match 1379117 with kickoff 2025-12-06T15:00:00.000Z
2025-12-02 09:10:42 [[32minfo[39m]: Transaction sent: 0xf8e933a471c5b5d2949d3594bc84d12bd22778afabaef67c34bdbfc29f80a33c
2025-12-02 09:10:42 [[32minfo[39m]: ✅ Match 1379117 added successfully. Gas used: 72628
2025-12-02 09:10:42 [[32minfo[39m]: ✅ Successfully added match 1379117
2025-12-02 09:10:42 [[32minfo[39m]: ➕ Adding match: Manchester City vs Sunderland (2025-12-06T15:00:00.000Z)
2025-12-02 09:10:42 [[32minfo[39m]: Adding match 1379115 with kickoff 2025-12-06T15:00:00.000Z
2025-12-02 09:10:45 [[32minfo[39m]: Transaction sent: 0x7c2cd934cf89c39c2087aa81e64c00b65a45042c0e40742058774833fd5714d1
2025-12-02 09:10:45 [[32minfo[39m]: ✅ Match 1379115 added successfully. Gas used: 72628
2025-12-02 09:10:45 [[32minfo[39m]: ✅ Successfully added match 1379115
2025-12-02 09:10:45 [[32minfo[39m]: ➕ Adding match: Leeds vs Liverpool (2025-12-06T17:30:00.000Z)
2025-12-02 09:10:45 [[32minfo[39m]: Adding match 1379114 with kickoff 2025-12-06T17:30:00.000Z
2025-12-02 09:10:47 [[32minfo[39m]: Transaction sent: 0xb4af9323f6a700aca33b57b047162316041f148c709bdc1b4d1fe328a68699b8
2025-12-02 09:10:48 [[32minfo[39m]: ✅ Match 1379114 added successfully. Gas used: 72628
2025-12-02 09:10:48 [[32minfo[39m]: ✅ Successfully added match 1379114
2025-12-02 09:10:49 [[32minfo[39m]: 
📊 Processing La Liga (ID: 140)
2025-12-02 09:10:49 [[32minfo[39m]: Fetching fixtures for league 140 from 2025-12-02 to 2025-12-06
2025-12-02 09:10:49 [[32minfo[39m]: Found 7 upcoming fixtures for league 140
2025-12-02 09:10:50 [[32minfo[39m]: ➕ Adding match: Barcelona vs Atletico Madrid (2025-12-02T20:00:00.000Z)
2025-12-02 09:10:50 [[32minfo[39m]: Adding match 1391000 with kickoff 2025-12-02T20:00:00.000Z
2025-12-02 09:10:52 [[32minfo[39m]: Transaction sent: 0x2e9fb79c3d8cae616c6b5cd417778c8e3535a6ba9c8692239c1320169a06edd2
2025-12-02 09:10:52 [[32minfo[39m]: ✅ Match 1391000 added successfully. Gas used: 72628
2025-12-02 09:10:52 [[32minfo[39m]: ✅ Successfully added match 1391000
2025-12-02 09:10:53 [[32minfo[39m]: ➕ Adding match: Athletic Club vs Real Madrid (2025-12-03T18:00:00.000Z)
2025-12-02 09:10:53 [[32minfo[39m]: Adding match 1390999 with kickoff 2025-12-03T18:00:00.000Z
2025-12-02 09:10:55 [[32minfo[39m]: Transaction sent: 0xd8ef5d4834bcce49cb61c9c5893f5783372616b662860b93078f908739124823
2025-12-02 09:10:55 [[32minfo[39m]: ✅ Match 1390999 added successfully. Gas used: 72628
2025-12-02 09:10:55 [[32minfo[39m]: ✅ Successfully added match 1390999
2025-12-02 09:10:56 [[32minfo[39m]: ➕ Adding match: Oviedo vs Mallorca (2025-12-05T20:00:00.000Z)
2025-12-02 09:10:56 [[32minfo[39m]: Adding match 1390966 with kickoff 2025-12-05T20:00:00.000Z
2025-12-02 09:10:58 [[32minfo[39m]: Transaction sent: 0x514be82ec9bb52c5759a4d64fb3112dc4b8e8244bf51de6333ba184df793680b
2025-12-02 09:10:58 [[32minfo[39m]: ✅ Match 1390966 added successfully. Gas used: 72628
2025-12-02 09:10:58 [[32minfo[39m]: ✅ Successfully added match 1390966
2025-12-02 09:10:58 [[32minfo[39m]: ➕ Adding match: Villarreal vs Getafe (2025-12-06T13:00:00.000Z)
2025-12-02 09:10:58 [[32minfo[39m]: Adding match 1390968 with kickoff 2025-12-06T13:00:00.000Z
2025-12-02 09:11:00 [[32minfo[39m]: Transaction sent: 0xe668db6eb9ffa8a9fa53945a900b7ec54c4099c2a2c9c2260f8191a62a789f96
2025-12-02 09:11:01 [[32minfo[39m]: ✅ Match 1390968 added successfully. Gas used: 72628
2025-12-02 09:11:01 [[32minfo[39m]: ✅ Successfully added match 1390968
2025-12-02 09:11:01 [[32minfo[39m]: ➕ Adding match: Alaves vs Real Sociedad (2025-12-06T15:15:00.000Z)
2025-12-02 09:11:01 [[32minfo[39m]: Adding match 1390959 with kickoff 2025-12-06T15:15:00.000Z
2025-12-02 09:11:03 [[32minfo[39m]: Transaction sent: 0xb1fa08d66cb0c1cf7544db1d839631742ebe7b26fc5dddd6d8cc5b54ec21d534
2025-12-02 09:11:03 [[32minfo[39m]: ✅ Match 1390959 added successfully. Gas used: 72628
2025-12-02 09:11:03 [[32minfo[39m]: ✅ Successfully added match 1390959
2025-12-02 09:11:04 [[32minfo[39m]: ➕ Adding match: Real Betis vs Barcelona (2025-12-06T17:30:00.000Z)
2025-12-02 09:11:04 [[32minfo[39m]: Adding match 1390961 with kickoff 2025-12-06T17:30:00.000Z
2025-12-02 09:11:06 [[32minfo[39m]: Transaction sent: 0xef889e91ca9fdb35d5fd165e9fa6d0b4e326b2f5bc46b16c1c1283c9aa2b2853
2025-12-02 09:11:06 [[32minfo[39m]: ✅ Match 1390961 added successfully. Gas used: 72628
2025-12-02 09:11:06 [[32minfo[39m]: ✅ Successfully added match 1390961
2025-12-02 09:11:06 [[32minfo[39m]: ➕ Adding match: Athletic Club vs Atletico Madrid (2025-12-06T20:00:00.000Z)
2025-12-02 09:11:06 [[32minfo[39m]: Adding match 1390960 with kickoff 2025-12-06T20:00:00.000Z
2025-12-02 09:11:09 [[32minfo[39m]: Transaction sent: 0xdc2781723cfae3a159e66732b51b9f9a8dac8297fb6bf7a0982863c026b8f1d0
2025-12-02 09:11:09 [[32minfo[39m]: ✅ Match 1390960 added successfully. Gas used: 72628
2025-12-02 09:11:09 [[32minfo[39m]: ✅ Successfully added match 1390960
2025-12-02 09:11:10 [[32minfo[39m]: 
📊 Processing Serie A (ID: 135)
2025-12-02 09:11:10 [[32minfo[39m]: Fetching fixtures for league 135 from 2025-12-02 to 2025-12-06
2025-12-02 09:11:11 [[32minfo[39m]: Found 3 upcoming fixtures for league 135
2025-12-02 09:11:11 [[32minfo[39m]: ➕ Adding match: Sassuolo vs Fiorentina (2025-12-06T14:00:00.000Z)
2025-12-02 09:11:11 [[32minfo[39m]: Adding match 1378000 with kickoff 2025-12-06T14:00:00.000Z
2025-12-02 09:11:14 [[32minfo[39m]: Transaction sent: 0x8221cdbb3df4f9020bfa34a77b25f8c6e630f1fa066aac69b1e5b3285397ee81
2025-12-02 09:11:14 [[32minfo[39m]: ✅ Match 1378000 added successfully. Gas used: 72628
2025-12-02 09:11:14 [[32minfo[39m]: ✅ Successfully added match 1378000
2025-12-02 09:11:14 [[32minfo[39m]: ➕ Adding match: Inter vs Como (2025-12-06T17:00:00.000Z)
2025-12-02 09:11:14 [[32minfo[39m]: Adding match 1377996 with kickoff 2025-12-06T17:00:00.000Z
2025-12-02 09:11:16 [[32minfo[39m]: Transaction sent: 0x2757036c630c480b9c93998a2d7cc095cd172c92b070d5d1f69e0d6270c4faa9
2025-12-02 09:11:17 [[32minfo[39m]: ✅ Match 1377996 added successfully. Gas used: 72628
2025-12-02 09:11:17 [[32minfo[39m]: ✅ Successfully added match 1377996
2025-12-02 09:11:17 [[32minfo[39m]: ➕ Adding match: Verona vs Atalanta (2025-12-06T19:45:00.000Z)
2025-12-02 09:11:17 [[32minfo[39m]: Adding match 1378003 with kickoff 2025-12-06T19:45:00.000Z
2025-12-02 09:11:19 [[32minfo[39m]: Transaction sent: 0x3d7cfa3daad1bfada0fdb60b5d1eedc1166eff5f482acff6d7103c09c56c23ad
2025-12-02 09:11:20 [[32minfo[39m]: ✅ Match 1378003 added successfully. Gas used: 72628
2025-12-02 09:11:20 [[32minfo[39m]: ✅ Successfully added match 1378003
2025-12-02 09:11:21 [[32minfo[39m]: 
📊 Processing Bundesliga (ID: 78)
2025-12-02 09:11:21 [[32minfo[39m]: Fetching fixtures for league 78 from 2025-12-02 to 2025-12-06
2025-12-02 09:11:21 [[32minfo[39m]: Found 7 upcoming fixtures for league 78
2025-12-02 09:11:22 [[32minfo[39m]: ➕ Adding match: FSV Mainz 05 vs Borussia Mönchengladbach (2025-12-05T19:30:00.000Z)
2025-12-02 09:11:22 [[32minfo[39m]: Adding match 1388421 with kickoff 2025-12-05T19:30:00.000Z
2025-12-02 09:11:24 [[32minfo[39m]: Transaction sent: 0xefa1a0abd91c6472ef3ad7d725ea0f7bf7fe17ce3608da61a6e0893c333d81a7
2025-12-02 09:11:25 [[32minfo[39m]: ✅ Match 1388421 added successfully. Gas used: 72628
2025-12-02 09:11:25 [[32minfo[39m]: ✅ Successfully added match 1388421
2025-12-02 09:11:25 [[32minfo[39m]: ➕ Adding match: VfL Wolfsburg vs Union Berlin (2025-12-06T14:30:00.000Z)
2025-12-02 09:11:25 [[32minfo[39m]: Adding match 1388424 with kickoff 2025-12-06T14:30:00.000Z
2025-12-02 09:11:27 [[32minfo[39m]: Transaction sent: 0xec019ebaa8b176e54d5a4c5d27679e9db74925b1020308c63c2c12b854541766
2025-12-02 09:11:32 [[32minfo[39m]: ✅ Match 1388424 added successfully. Gas used: 72628
2025-12-02 09:11:32 [[32minfo[39m]: ✅ Successfully added match 1388424
2025-12-02 09:11:33 [[32minfo[39m]: ➕ Adding match: FC Augsburg vs Bayer Leverkusen (2025-12-06T14:30:00.000Z)
2025-12-02 09:11:33 [[32minfo[39m]: Adding match 1388416 with kickoff 2025-12-06T14:30:00.000Z
2025-12-02 09:11:35 [[32minfo[39m]: Transaction sent: 0xd880cf0091a366d03fa66da2ff40f71f607a76e53297342d8328ccca408cfcc4
2025-12-02 09:11:35 [[32minfo[39m]: ✅ Match 1388416 added successfully. Gas used: 72628
2025-12-02 09:11:35 [[32minfo[39m]: ✅ Successfully added match 1388416
2025-12-02 09:11:36 [[32minfo[39m]: ➕ Adding match: VfB Stuttgart vs Bayern München (2025-12-06T14:30:00.000Z)
2025-12-02 09:11:36 [[32minfo[39m]: Adding match 1388423 with kickoff 2025-12-06T14:30:00.000Z
2025-12-02 09:11:38 [[32minfo[39m]: Transaction sent: 0xe088fff6a4e247c2c3dd6b827c19fe695467556e26e291e377b132fc9805ddb9
2025-12-02 09:11:38 [[32minfo[39m]: ✅ Match 1388423 added successfully. Gas used: 72628
2025-12-02 09:11:38 [[32minfo[39m]: ✅ Successfully added match 1388423
2025-12-02 09:11:39 [[32minfo[39m]: ➕ Adding match: 1. FC Heidenheim vs SC Freiburg (2025-12-06T14:30:00.000Z)
2025-12-02 09:11:39 [[32minfo[39m]: Adding match 1388420 with kickoff 2025-12-06T14:30:00.000Z
2025-12-02 09:11:41 [[32minfo[39m]: Transaction sent: 0x236febf4eef50119fe72a44b7c92e9efc9d29e84c17ae2d476e92d835dbb4109
2025-12-02 09:11:41 [[32minfo[39m]: ✅ Match 1388420 added successfully. Gas used: 72628
2025-12-02 09:11:41 [[32minfo[39m]: ✅ Successfully added match 1388420
2025-12-02 09:11:41 [[32minfo[39m]: ➕ Adding match: 1. FC Köln vs FC St. Pauli (2025-12-06T14:30:00.000Z)
2025-12-02 09:11:41 [[32minfo[39m]: Adding match 1388418 with kickoff 2025-12-06T14:30:00.000Z
2025-12-02 09:11:43 [[32minfo[39m]: Transaction sent: 0x6304aff5f5966948d0f85f0882d32460e9ccea2d1f2342aefb9ed347abcdc4ef
2025-12-02 09:11:44 [[32minfo[39m]: ✅ Match 1388418 added successfully. Gas used: 72628
2025-12-02 09:11:44 [[32minfo[39m]: ✅ Successfully added match 1388418
2025-12-02 09:11:44 [[32minfo[39m]: ➕ Adding match: RB Leipzig vs Eintracht Frankfurt (2025-12-06T17:30:00.000Z)
2025-12-02 09:11:44 [[32minfo[39m]: Adding match 1388422 with kickoff 2025-12-06T17:30:00.000Z
2025-12-02 09:11:46 [[32minfo[39m]: Transaction sent: 0xf7a15e26eed8c0317e885e166cb7c7e91d3a43231f2ab7e7b1f07dea2fe15889
2025-12-02 09:11:46 [[32minfo[39m]: ✅ Match 1388422 added successfully. Gas used: 72628
2025-12-02 09:11:46 [[32minfo[39m]: ✅ Successfully added match 1388422
2025-12-02 09:11:47 [[32minfo[39m]: 
📊 Processing Champions League (ID: 2)
2025-12-02 09:11:47 [[32minfo[39m]: Fetching fixtures for league 2 from 2025-12-02 to 2025-12-06
2025-12-02 09:11:48 [[32minfo[39m]: Found 0 upcoming fixtures for league 2
2025-12-02 09:11:48 [[32minfo[39m]: No upcoming matches found for Champions League
2025-12-02 09:11:48 [[32minfo[39m]: 
📊 Processing Europa League (ID: 3)
2025-12-02 09:11:48 [[32minfo[39m]: Fetching fixtures for league 3 from 2025-12-02 to 2025-12-06
2025-12-02 09:11:48 [[32minfo[39m]: Found 0 upcoming fixtures for league 3
